<?xml version="1.0" encoding="UTF-8"?>
<!-- Generated by org.testng.reporters.JUnitReportReporter -->
<testsuite hostname="DESKTOP-M0FR5AJ" failures="0" tests="1" name="RestAssuredAPITesting.com.RestAssuredApiTesting.AccessToken" time="2.205" errors="0" timestamp="2024-06-06T16:37:38 IST" skipped="0">
  <testcase classname="RestAssuredAPITesting.com.RestAssuredApiTesting.AccessToken" name="get_AccessToken" time="2.205"/>
</testsuite> <!-- RestAssuredAPITesting.com.RestAssuredApiTesting.AccessToken -->
